<?xml version="1.0" encoding="UTF-8"?>
<!-- Generated by org.testng.reporters.JUnitXMLReporter -->
<testsuite ignored="0" hostname="Dell" failures="0" tests="2" name="Test" time="1.511" errors="0" timestamp="2024-05-30T18:15:58 IST">
  <testcase classname="testBase.BaseClass" name="@BeforeClass setup" time="0.985">
    <failure type="java.lang.NullPointerException" message="Cannot invoke &amp;quot;String.equalsIgnoreCase(String)&amp;quot; because the return value of &amp;quot;java.util.Properties.getProperty(String)&amp;quot; is null">
      <![CDATA[java.lang.NullPointerException: Cannot invoke "String.equalsIgnoreCase(String)" because the return value of "java.util.Properties.getProperty(String)" is null
at testBase.BaseClass.setup(BaseClass.java:77)
at java.base/java.util.ArrayList.forEach(ArrayList.java:1511)
... Removed 27 stack frames]]>
    </failure>
  </testcase> <!-- @BeforeClass setup -->
  <testcase classname="testBase.BaseClass" name="@AfterClass teardown" time="0.0">
    <skipped/>
  </testcase> <!-- @AfterClass teardown -->
  <testcase classname="testBase.BaseClass" name="@BeforeClass setup" time="0.003">
    <failure type="java.lang.NullPointerException" message="Cannot invoke &amp;quot;String.equalsIgnoreCase(String)&amp;quot; because the return value of &amp;quot;java.util.Properties.getProperty(String)&amp;quot; is null">
      <![CDATA[java.lang.NullPointerException: Cannot invoke "String.equalsIgnoreCase(String)" because the return value of "java.util.Properties.getProperty(String)" is null
at testBase.BaseClass.setup(BaseClass.java:77)
at java.base/java.util.ArrayList.forEach(ArrayList.java:1511)
... Removed 27 stack frames]]>
    </failure>
  </testcase> <!-- @BeforeClass setup -->
  <testcase classname="testBase.BaseClass" name="@AfterClass teardown" time="0.0">
    <skipped/>
  </testcase> <!-- @AfterClass teardown -->
  <testcase classname="testCases.TC_001_AccountRegisterationTest" name="verify_account_registration" time="0.0">
    <skipped/>
  </testcase> <!-- verify_account_registration -->
  <testcase classname="testCases.TC_002_LoginTest" name="verify_login" time="0.0">
    <skipped/>
  </testcase> <!-- verify_login -->
</testsuite> <!-- Test -->
